  test.c
C:\Users\86199\source\repos\test-7-26\test-7-26\test.c(82,17): error C2059: 语法错误:“(”
C:\Users\86199\source\repos\test-7-26\test-7-26\test.c(83,17): error C2059: 语法错误:“(”
C:\Users\86199\source\repos\test-7-26\test-7-26\test.c(84,17): error C2059: 语法错误:“(”
C:\Users\86199\source\repos\test-7-26\test-7-26\test.c(85,17): error C2059: 语法错误:“(”
